<?xml version="1.0" encoding="UTF-8"?>
<testng-results ignored="0" total="0" passed="0" failed="0" skipped="0">
  <reporter-output>
  </reporter-output>
  <suite started-at="2020-03-15T18:00:55Z" name="Surefire suite" finished-at="2020-03-15T18:00:55Z" duration-ms="232">
    <groups>
      <group name="cucumber">
        <method signature="AbstractTestNGCucumberTests.runScenario(io.cucumber.testng.PickleWrapper, io.cucumber.testng.FeatureWrapper)[pri:0, instance:testRunners.TestRunnerClass@5e853265]" name="runScenario" class="io.cucumber.testng.AbstractTestNGCucumberTests"/>
      </group> <!-- cucumber -->
    </groups>
    <test started-at="2020-03-15T18:00:55Z" name="Surefire test" finished-at="2020-03-15T18:00:55Z" duration-ms="232">
      <class name="testRunners.TestRunnerClass">
        <test-method is-config="true" signature="setUpClass()[pri:0, instance:testRunners.TestRunnerClass@5e853265]" started-at="2020-03-15T18:00:55Z" name="setUpClass" finished-at="2020-03-15T18:00:55Z" duration-ms="214" status="PASS">
          <reporter-output>
          </reporter-output>
        </test-method> <!-- setUpClass -->
        <test-method is-config="true" signature="tearDownClass()[pri:0, instance:testRunners.TestRunnerClass@5e853265]" started-at="2020-03-15T18:00:55Z" name="tearDownClass" finished-at="2020-03-15T18:00:55Z" duration-ms="9" status="PASS">
          <reporter-output>
          </reporter-output>
        </test-method> <!-- tearDownClass -->
      </class> <!-- testRunners.TestRunnerClass -->
    </test> <!-- Surefire test -->
  </suite> <!-- Surefire suite -->
</testng-results>
